2020-09-22 11:23:16,218 INFO org.springframework.boot.StartupInfoLogger [main] Starting ClientApplication on LUK-PC0DSNHH with PID 32591 (/home/gavin/gitprojects/CompanyQClient/target/classes started by gavin in /home/gavin/gitprojects/CompanyQClient)
2020-09-22 11:23:16,220 DEBUG org.springframework.boot.StartupInfoLogger [main] Running with Spring Boot v2.1.4.RELEASE, Spring v5.1.6.RELEASE
2020-09-22 11:23:16,222 INFO org.springframework.boot.SpringApplication [main] No active profile set, falling back to default profiles: default
2020-09-22 11:23:17,535 INFO org.springframework.context.support.PostProcessorRegistrationDelegate$BeanPostProcessorChecker [main] Bean 'org.springframework.hateoas.config.HateoasConfiguration' of type [org.springframework.hateoas.config.HateoasConfiguration$$EnhancerBySpringCGLIB$$552c39c6] is not eligible for getting processed by all BeanPostProcessors (for example: not eligible for auto-proxying)
2020-09-22 11:23:18,050 INFO org.springframework.boot.web.embedded.tomcat.TomcatWebServer [main] Tomcat initialized with port(s): 8080 (http)
2020-09-22 11:23:18,073 INFO org.apache.juli.logging.DirectJDKLog [main] Initializing ProtocolHandler ["http-nio-8080"]
2020-09-22 11:23:18,091 INFO org.apache.juli.logging.DirectJDKLog [main] Starting service [Tomcat]
2020-09-22 11:23:18,091 INFO org.apache.juli.logging.DirectJDKLog [main] Starting Servlet engine: [Apache Tomcat/9.0.17]
2020-09-22 11:23:18,369 INFO org.apache.juli.logging.DirectJDKLog [main] Initializing Spring embedded WebApplicationContext
2020-09-22 11:23:18,374 INFO org.springframework.boot.web.servlet.context.ServletWebServerApplicationContext [main] Root WebApplicationContext: initialization completed in 2069 ms
2020-09-22 11:23:19,002 INFO org.springframework.scheduling.concurrent.ExecutorConfigurationSupport [main] Initializing ExecutorService 'applicationTaskExecutor'
2020-09-22 11:23:19,472 INFO org.apache.juli.logging.DirectJDKLog [main] Starting ProtocolHandler ["http-nio-8080"]
2020-09-22 11:23:19,514 INFO org.springframework.boot.web.embedded.tomcat.TomcatWebServer [main] Tomcat started on port(s): 8080 (http) with context path ''
2020-09-22 11:23:19,528 INFO org.springframework.boot.StartupInfoLogger [main] Started ClientApplication in 4.231 seconds (JVM running for 4.87)
2020-09-22 11:23:40,449 INFO org.apache.juli.logging.DirectJDKLog [http-nio-8080-exec-1] Initializing Spring DispatcherServlet 'dispatcherServlet'
2020-09-22 11:23:40,452 INFO org.springframework.web.servlet.FrameworkServlet [http-nio-8080-exec-1] Initializing Servlet 'dispatcherServlet'
2020-09-22 11:23:40,473 INFO org.springframework.web.servlet.FrameworkServlet [http-nio-8080-exec-1] Completed initialization in 20 ms
2020-09-22 11:23:40,701 DEBUG custq.ClientController [http-nio-8080-exec-1] bob-> retrieved the company:GavWebCo2 and id:68
2020-09-22 11:23:44,957 DEBUG custq.ClientController [http-nio-8080-exec-2] bob-> retrieved the company:GavWebCo2 and id:69
2020-09-22 11:23:57,792 DEBUG custq.ClientController [http-nio-8080-exec-4] gavlad-> added the company:GavWebCo2
2020-09-22 11:23:58,938 DEBUG custq.ClientController [http-nio-8080-exec-5] gavlad-> added the company:GavWebCo2
2020-09-22 11:23:59,889 DEBUG custq.ClientController [http-nio-8080-exec-7] gavlad-> added the company:GavWebCo2
2020-09-22 11:24:00,784 DEBUG custq.ClientController [http-nio-8080-exec-8] gavlad-> added the company:GavWebCo2
2020-09-22 11:24:21,257 ERROR org.apache.juli.logging.DirectJDKLog [http-nio-8080-exec-1] Servlet.service() for servlet [dispatcherServlet] in context with path [] threw exception [Request processing failed; nested exception is java.lang.ClassCastException: class java.util.LinkedHashMap cannot be cast to class custq.ClientCompany (java.util.LinkedHashMap is in module java.base of loader 'bootstrap'; custq.ClientCompany is in unnamed module of loader 'app')] with root cause
java.lang.ClassCastException: class java.util.LinkedHashMap cannot be cast to class custq.ClientCompany (java.util.LinkedHashMap is in module java.base of loader 'bootstrap'; custq.ClientCompany is in unnamed module of loader 'app')
	at java.base/java.util.ArrayList$ArrayListSpliterator.forEachRemaining(ArrayList.java:1655)
	at java.base/java.util.stream.ReferencePipeline$Head.forEach(ReferencePipeline.java:658)
	at custq.ClientController.getMany(ClientController.java:85)
	at java.base/jdk.internal.reflect.NativeMethodAccessorImpl.invoke0(Native Method)
	at java.base/jdk.internal.reflect.NativeMethodAccessorImpl.invoke(NativeMethodAccessorImpl.java:62)
	at java.base/jdk.internal.reflect.DelegatingMethodAccessorImpl.invoke(DelegatingMethodAccessorImpl.java:43)
	at java.base/java.lang.reflect.Method.invoke(Method.java:566)
	at org.springframework.web.method.support.InvocableHandlerMethod.doInvoke(InvocableHandlerMethod.java:189)
	at org.springframework.web.method.support.InvocableHandlerMethod.invokeForRequest(InvocableHandlerMethod.java:138)
	at org.springframework.web.servlet.mvc.method.annotation.ServletInvocableHandlerMethod.invokeAndHandle(ServletInvocableHandlerMethod.java:102)
	at org.springframework.web.servlet.mvc.method.annotation.RequestMappingHandlerAdapter.invokeHandlerMethod(RequestMappingHandlerAdapter.java:892)
	at org.springframework.web.servlet.mvc.method.annotation.RequestMappingHandlerAdapter.handleInternal(RequestMappingHandlerAdapter.java:797)
	at org.springframework.web.servlet.mvc.method.AbstractHandlerMethodAdapter.handle(AbstractHandlerMethodAdapter.java:87)
	at org.springframework.web.servlet.DispatcherServlet.doDispatch(DispatcherServlet.java:1038)
	at org.springframework.web.servlet.DispatcherServlet.doService(DispatcherServlet.java:942)
	at org.springframework.web.servlet.FrameworkServlet.processRequest(FrameworkServlet.java:1005)
	at org.springframework.web.servlet.FrameworkServlet.doGet(FrameworkServlet.java:897)
	at javax.servlet.http.HttpServlet.service(HttpServlet.java:634)
	at org.springframework.web.servlet.FrameworkServlet.service(FrameworkServlet.java:882)
	at javax.servlet.http.HttpServlet.service(HttpServlet.java:741)
	at org.apache.catalina.core.ApplicationFilterChain.internalDoFilter(ApplicationFilterChain.java:231)
	at org.apache.catalina.core.ApplicationFilterChain.doFilter(ApplicationFilterChain.java:166)
	at org.apache.tomcat.websocket.server.WsFilter.doFilter(WsFilter.java:53)
	at org.apache.catalina.core.ApplicationFilterChain.internalDoFilter(ApplicationFilterChain.java:193)
	at org.apache.catalina.core.ApplicationFilterChain.doFilter(ApplicationFilterChain.java:166)
	at org.springframework.web.filter.RequestContextFilter.doFilterInternal(RequestContextFilter.java:99)
	at org.springframework.web.filter.OncePerRequestFilter.doFilter(OncePerRequestFilter.java:107)
	at org.apache.catalina.core.ApplicationFilterChain.internalDoFilter(ApplicationFilterChain.java:193)
	at org.apache.catalina.core.ApplicationFilterChain.doFilter(ApplicationFilterChain.java:166)
	at org.springframework.web.filter.FormContentFilter.doFilterInternal(FormContentFilter.java:92)
	at org.springframework.web.filter.OncePerRequestFilter.doFilter(OncePerRequestFilter.java:107)
	at org.apache.catalina.core.ApplicationFilterChain.internalDoFilter(ApplicationFilterChain.java:193)
	at org.apache.catalina.core.ApplicationFilterChain.doFilter(ApplicationFilterChain.java:166)
	at org.springframework.web.filter.HiddenHttpMethodFilter.doFilterInternal(HiddenHttpMethodFilter.java:93)
	at org.springframework.web.filter.OncePerRequestFilter.doFilter(OncePerRequestFilter.java:107)
	at org.apache.catalina.core.ApplicationFilterChain.internalDoFilter(ApplicationFilterChain.java:193)
	at org.apache.catalina.core.ApplicationFilterChain.doFilter(ApplicationFilterChain.java:166)
	at org.springframework.web.filter.CharacterEncodingFilter.doFilterInternal(CharacterEncodingFilter.java:200)
	at org.springframework.web.filter.OncePerRequestFilter.doFilter(OncePerRequestFilter.java:107)
	at org.apache.catalina.core.ApplicationFilterChain.internalDoFilter(ApplicationFilterChain.java:193)
	at org.apache.catalina.core.ApplicationFilterChain.doFilter(ApplicationFilterChain.java:166)
	at org.apache.catalina.core.StandardWrapperValve.invoke(StandardWrapperValve.java:200)
	at org.apache.catalina.core.StandardContextValve.invoke(StandardContextValve.java:96)
	at org.apache.catalina.authenticator.AuthenticatorBase.invoke(AuthenticatorBase.java:490)
	at org.apache.catalina.core.StandardHostValve.invoke(StandardHostValve.java:139)
	at org.apache.catalina.valves.ErrorReportValve.invoke(ErrorReportValve.java:92)
	at org.apache.catalina.core.StandardEngineValve.invoke(StandardEngineValve.java:74)
	at org.apache.catalina.connector.CoyoteAdapter.service(CoyoteAdapter.java:343)
	at org.apache.coyote.http11.Http11Processor.service(Http11Processor.java:408)
	at org.apache.coyote.AbstractProcessorLight.process(AbstractProcessorLight.java:66)
	at org.apache.coyote.AbstractProtocol$ConnectionHandler.process(AbstractProtocol.java:834)
	at org.apache.tomcat.util.net.NioEndpoint$SocketProcessor.doRun(NioEndpoint.java:1415)
	at org.apache.tomcat.util.net.SocketProcessorBase.run(SocketProcessorBase.java:49)
	at java.base/java.util.concurrent.ThreadPoolExecutor.runWorker(ThreadPoolExecutor.java:1128)
	at java.base/java.util.concurrent.ThreadPoolExecutor$Worker.run(ThreadPoolExecutor.java:628)
	at org.apache.tomcat.util.threads.TaskThread$WrappingRunnable.run(TaskThread.java:61)
	at java.base/java.lang.Thread.run(Thread.java:834)
2020-09-22 11:24:59,873 INFO org.springframework.scheduling.concurrent.ExecutorConfigurationSupport [Thread-2] Shutting down ExecutorService 'applicationTaskExecutor'
2020-09-22 17:32:42,582 LUK-PC0DSNHH INFO org.springframework.boot.StartupInfoLogger [main] Starting ClientApplication on LUK-PC0DSNHH with PID 2198 (/home/gavin/gitprojects/CompanyQClient/target/classes started by gavin in /home/gavin/gitprojects/CompanyQClient)
2020-09-22 17:32:42,586 LUK-PC0DSNHH DEBUG org.springframework.boot.StartupInfoLogger [main] Running with Spring Boot v2.1.4.RELEASE, Spring v5.1.6.RELEASE
2020-09-22 17:32:42,587 LUK-PC0DSNHH INFO org.springframework.boot.SpringApplication [main] No active profile set, falling back to default profiles: default
2020-09-22 17:32:43,951 LUK-PC0DSNHH INFO org.springframework.context.support.PostProcessorRegistrationDelegate$BeanPostProcessorChecker [main] Bean 'org.springframework.hateoas.config.HateoasConfiguration' of type [org.springframework.hateoas.config.HateoasConfiguration$$EnhancerBySpringCGLIB$$1eb1ce6e] is not eligible for getting processed by all BeanPostProcessors (for example: not eligible for auto-proxying)
2020-09-22 17:32:44,377 LUK-PC0DSNHH INFO org.springframework.boot.web.embedded.tomcat.TomcatWebServer [main] Tomcat initialized with port(s): 8084 (http)
2020-09-22 17:32:44,396 LUK-PC0DSNHH INFO org.apache.juli.logging.DirectJDKLog [main] Initializing ProtocolHandler ["http-nio-8084"]
2020-09-22 17:32:44,415 LUK-PC0DSNHH INFO org.apache.juli.logging.DirectJDKLog [main] Starting service [Tomcat]
2020-09-22 17:32:44,417 LUK-PC0DSNHH INFO org.apache.juli.logging.DirectJDKLog [main] Starting Servlet engine: [Apache Tomcat/9.0.17]
2020-09-22 17:32:44,533 LUK-PC0DSNHH INFO org.apache.juli.logging.DirectJDKLog [main] Initializing Spring embedded WebApplicationContext
2020-09-22 17:32:44,537 LUK-PC0DSNHH INFO org.springframework.boot.web.servlet.context.ServletWebServerApplicationContext [main] Root WebApplicationContext: initialization completed in 1905 ms
2020-09-22 17:32:45,008 LUK-PC0DSNHH INFO org.springframework.scheduling.concurrent.ExecutorConfigurationSupport [main] Initializing ExecutorService 'applicationTaskExecutor'
2020-09-22 17:32:45,272 LUK-PC0DSNHH INFO org.apache.juli.logging.DirectJDKLog [main] Starting ProtocolHandler ["http-nio-8084"]
2020-09-22 17:32:45,306 LUK-PC0DSNHH INFO org.springframework.boot.web.embedded.tomcat.TomcatWebServer [main] Tomcat started on port(s): 8084 (http) with context path ''
2020-09-22 17:32:45,313 LUK-PC0DSNHH INFO org.springframework.boot.StartupInfoLogger [main] Started ClientApplication in 3.613 seconds (JVM running for 4.515)
2020-09-22 17:33:02,837 LUK-PC0DSNHH INFO org.apache.juli.logging.DirectJDKLog [http-nio-8084-exec-1] Initializing Spring DispatcherServlet 'dispatcherServlet'
2020-09-22 17:33:02,839 LUK-PC0DSNHH INFO org.springframework.web.servlet.FrameworkServlet [http-nio-8084-exec-1] Initializing Servlet 'dispatcherServlet'
2020-09-22 17:33:02,854 LUK-PC0DSNHH INFO org.springframework.web.servlet.FrameworkServlet [http-nio-8084-exec-1] Completed initialization in 12 ms
2020-09-22 17:33:39,925 LUK-PC0DSNHH INFO org.springframework.scheduling.concurrent.ExecutorConfigurationSupport [Thread-2] Shutting down ExecutorService 'applicationTaskExecutor'
